  [1m[35m (0.5ms)[0m  [1m[35mCREATE TABLE "schema_migrations" ("version" varchar NOT NULL PRIMARY KEY)[0m
  [1m[35m (0.2ms)[0m  [1m[35mCREATE TABLE "ar_internal_metadata" ("key" varchar NOT NULL PRIMARY KEY, "value" varchar, "created_at" datetime(6) NOT NULL, "updated_at" datetime(6) NOT NULL)[0m
  [1m[36mActiveRecord::InternalMetadata Load (0.1ms)[0m  [1m[34mSELECT * FROM "ar_internal_metadata" WHERE "ar_internal_metadata"."key" = ? ORDER BY "ar_internal_metadata"."key" ASC LIMIT 1[0m  [[nil, "environment"]]
  [1m[36mActiveRecord::InternalMetadata Create (0.2ms)[0m  [1m[32mINSERT INTO "ar_internal_metadata" ("key", "value", "created_at", "updated_at") VALUES ('environment', 'development', '2024-11-17 18:23:36.167126', '2024-11-17 18:23:36.167129') RETURNING "key"[0m
  [1m[36mActiveRecord::SchemaMigration Load (0.1ms)[0m  [1m[34mSELECT "schema_migrations"."version" FROM "schema_migrations" ORDER BY "schema_migrations"."version" ASC[0m
Migrating to CreateLists (20241117182156)
  [1m[36mTRANSACTION (0.1ms)[0m  [1m[36mbegin transaction[0m
  [1m[35m (1.2ms)[0m  [1m[35mCREATE TABLE "lists" ("id" integer PRIMARY KEY AUTOINCREMENT NOT NULL, "title" varchar, "body" varchar, "created_at" datetime(6) NOT NULL, "updated_at" datetime(6) NOT NULL)[0m
  [1m[36mActiveRecord::SchemaMigration Create (0.1ms)[0m  [1m[32mINSERT INTO "schema_migrations" ("version") VALUES ('20241117182156') RETURNING "version"[0m
  [1m[36mTRANSACTION (0.1ms)[0m  [1m[36mcommit transaction[0m
  [1m[36mActiveRecord::SchemaMigration Load (0.0ms)[0m  [1m[34mSELECT "schema_migrations"."version" FROM "schema_migrations" ORDER BY "schema_migrations"."version" ASC[0m
Started GET "/top" for ::1 at 2024-11-18 03:27:34 +0900
  [1m[36mActiveRecord::SchemaMigration Load (0.2ms)[0m  [1m[34mSELECT "schema_migrations"."version" FROM "schema_migrations" ORDER BY "schema_migrations"."version" ASC[0m
  
ActionController::RoutingError (No route matches [GET] "/top"):
  
Started GET "/favicon.ico" for ::1 at 2024-11-18 03:27:35 +0900
  
ActionController::RoutingError (No route matches [GET] "/favicon.ico"):
  
Started GET "/homes/top" for 127.0.0.1 at 2024-11-18 03:28:22 +0900
Processing by HomesController#top as HTML
  Rendering layout layouts/application.html.erb
  Rendering homes/top.html.erb within layouts/application
  Rendered homes/top.html.erb within layouts/application (Duration: 0.5ms | GC: 0.0ms)
  Rendered layout layouts/application.html.erb (Duration: 279.5ms | GC: 37.8ms)
Completed 200 OK in 338ms (Views: 283.2ms | ActiveRecord: 0.0ms (0 queries, 0 cached) | GC: 40.2ms)


Started GET "/manifest.json" for 127.0.0.1 at 2024-11-18 03:28:23 +0900
Processing by Rails::PwaController#manifest as JSON
  Rendering pwa/manifest.json.erb
  Rendered pwa/manifest.json.erb (Duration: 0.7ms | GC: 0.0ms)
Completed 200 OK in 4ms (Views: 2.9ms | ActiveRecord: 0.0ms (0 queries, 0 cached) | GC: 0.3ms)


Started GET "/lists/index" for 127.0.0.1 at 2024-11-18 03:34:49 +0900
  [1m[36mActiveRecord::SchemaMigration Load (0.3ms)[0m  [1m[34mSELECT "schema_migrations"."version" FROM "schema_migrations" ORDER BY "schema_migrations"."version" ASC[0m
Processing by ListsController#index as HTML
  Rendering layout layouts/application.html.erb
  Rendering lists/index.html.erb within layouts/application
  Rendered lists/index.html.erb within layouts/application (Duration: 0.5ms | GC: 0.0ms)
  Rendered layout layouts/application.html.erb (Duration: 94.3ms | GC: 18.7ms)
Completed 200 OK in 110ms (Views: 98.0ms | ActiveRecord: 0.0ms (0 queries, 0 cached) | GC: 19.1ms)


Started GET "/manifest.json" for 127.0.0.1 at 2024-11-18 03:34:49 +0900
Processing by Rails::PwaController#manifest as JSON
  Rendering pwa/manifest.json.erb
  Rendered pwa/manifest.json.erb (Duration: 0.5ms | GC: 0.0ms)
Completed 200 OK in 2ms (Views: 1.7ms | ActiveRecord: 0.0ms (0 queries, 0 cached) | GC: 0.0ms)


Started GET "/lists/new" for 127.0.0.1 at 2024-11-18 03:34:56 +0900
Processing by ListsController#new as HTML
  Rendering layout layouts/application.html.erb
  Rendering lists/new.html.erb within layouts/application
  Rendered lists/new.html.erb within layouts/application (Duration: 0.3ms | GC: 0.0ms)
  Rendered layout layouts/application.html.erb (Duration: 3.3ms | GC: 0.5ms)
Completed 200 OK in 4ms (Views: 3.6ms | ActiveRecord: 0.0ms (0 queries, 0 cached) | GC: 0.5ms)


Started GET "/manifest.json" for 127.0.0.1 at 2024-11-18 03:34:56 +0900
Processing by Rails::PwaController#manifest as JSON
  Rendering pwa/manifest.json.erb
  Rendered pwa/manifest.json.erb (Duration: 0.1ms | GC: 0.0ms)
Completed 200 OK in 1ms (Views: 0.6ms | ActiveRecord: 0.0ms (0 queries, 0 cached) | GC: 0.2ms)


Started GET "/lists/new" for 127.0.0.1 at 2024-11-18 11:42:23 +0900
  [1m[36mActiveRecord::SchemaMigration Load (0.2ms)[0m  [1m[34mSELECT "schema_migrations"."version" FROM "schema_migrations" ORDER BY "schema_migrations"."version" ASC[0m
Processing by ListsController#new as HTML
  Rendering layout layouts/application.html.erb
  Rendering lists/new.html.erb within layouts/application
  Rendered lists/new.html.erb within layouts/application (Duration: 34.3ms | GC: 1.5ms)
  Rendered layout layouts/application.html.erb (Duration: 133.4ms | GC: 25.2ms)
Completed 200 OK in 157ms (Views: 135.9ms | ActiveRecord: 2.4ms (0 queries, 0 cached) | GC: 25.7ms)


Started GET "/manifest.json" for 127.0.0.1 at 2024-11-18 11:42:23 +0900
Processing by Rails::PwaController#manifest as JSON
  Rendering pwa/manifest.json.erb
  Rendered pwa/manifest.json.erb (Duration: 0.6ms | GC: 0.0ms)
Completed 200 OK in 4ms (Views: 2.7ms | ActiveRecord: 0.0ms (0 queries, 0 cached) | GC: 0.0ms)


Started GET "/lists/new" for 127.0.0.1 at 2024-11-18 12:18:31 +0900
  [1m[36mActiveRecord::SchemaMigration Load (0.2ms)[0m  [1m[34mSELECT "schema_migrations"."version" FROM "schema_migrations" ORDER BY "schema_migrations"."version" ASC[0m
Processing by ListsController#new as HTML
  Rendering layout layouts/application.html.erb
  Rendering lists/new.html.erb within layouts/application
  Rendered lists/new.html.erb within layouts/application (Duration: 5.7ms | GC: 0.6ms)
  Rendered layout layouts/application.html.erb (Duration: 6.1ms | GC: 0.6ms)
Completed 500 Internal Server Error in 40ms (ActiveRecord: 2.9ms (0 queries, 0 cached) | GC: 2.3ms)


  
ActionView::Template::Error (undefined method `new' for #<List id: nil, title: nil, body: nil, created_at: nil, updated_at: nil>):

Causes:
NoMethodError (undefined method `new' for #<List id: nil, title: nil, body: nil, created_at: nil, updated_at: nil>)
    1: <h1>新規投稿</h1>
    2: <%= form_with model: @list.new do |f| %>
    3:     <h4>タイトル</h4>
    4:     <%= f.text_field :title %>
    5: 
  
app/views/lists/new.html.erb:2
Started GET "/favicon.ico" for 127.0.0.1 at 2024-11-18 12:18:32 +0900
  
ActionController::RoutingError (No route matches [GET] "/favicon.ico"):
  
Started GET "/lists/new" for 127.0.0.1 at 2024-11-18 12:18:52 +0900
Processing by ListsController#new as HTML
  Rendering layout layouts/application.html.erb
  Rendering lists/new.html.erb within layouts/application
  Rendered lists/new.html.erb within layouts/application (Duration: 2.7ms | GC: 0.0ms)
  Rendered layout layouts/application.html.erb (Duration: 60.6ms | GC: 3.5ms)
Completed 200 OK in 69ms (Views: 62.4ms | ActiveRecord: 1.4ms (0 queries, 0 cached) | GC: 3.9ms)


Started GET "/manifest.json" for 127.0.0.1 at 2024-11-18 12:18:52 +0900
Processing by Rails::PwaController#manifest as JSON
  Rendering pwa/manifest.json.erb
  Rendered pwa/manifest.json.erb (Duration: 0.6ms | GC: 0.0ms)
Completed 200 OK in 5ms (Views: 3.9ms | ActiveRecord: 0.0ms (0 queries, 0 cached) | GC: 0.0ms)


Started GET "/lists/new" for 127.0.0.1 at 2024-11-18 12:21:30 +0900
Processing by ListsController#new as HTML
  Rendering layout layouts/application.html.erb
  Rendering lists/new.html.erb within layouts/application
  Rendered lists/new.html.erb within layouts/application (Duration: 1.4ms | GC: 0.0ms)
  Rendered layout layouts/application.html.erb (Duration: 14.0ms | GC: 1.4ms)
Completed 200 OK in 22ms (Views: 15.6ms | ActiveRecord: 1.3ms (0 queries, 0 cached) | GC: 2.0ms)


Started GET "/manifest.json" for 127.0.0.1 at 2024-11-18 12:21:30 +0900
Processing by Rails::PwaController#manifest as JSON
  Rendering pwa/manifest.json.erb
  Rendered pwa/manifest.json.erb (Duration: 0.3ms | GC: 0.0ms)
Completed 200 OK in 2ms (Views: 1.4ms | ActiveRecord: 0.0ms (0 queries, 0 cached) | GC: 0.0ms)


Started POST "/lists" for 127.0.0.1 at 2024-11-18 12:21:39 +0900
Processing by ListsController#create as TURBO_STREAM
  Parameters: {"authenticity_token"=>"[FILTERED]", "list"=>{"title"=>"test", "body"=>"test"}, "commit"=>"投稿"}
  [1m[36mTRANSACTION (0.1ms)[0m  [1m[36mbegin transaction[0m
  ↳ app/controllers/lists_controller.rb:8:in `create'
  [1m[36mList Create (1.5ms)[0m  [1m[32mINSERT INTO "lists" ("title", "body", "created_at", "updated_at") VALUES (?, ?, ?, ?) RETURNING "id"[0m  [["title", "test"], ["body", "test"], ["created_at", "2024-11-18 03:21:39.547375"], ["updated_at", "2024-11-18 03:21:39.547375"]]
  ↳ app/controllers/lists_controller.rb:8:in `create'
  [1m[36mTRANSACTION (0.6ms)[0m  [1m[36mcommit transaction[0m
  ↳ app/controllers/lists_controller.rb:8:in `create'
Redirected to http://127.0.0.1:8080/top
Completed 302 Found in 7ms (ActiveRecord: 2.1ms (1 query, 0 cached) | GC: 0.4ms)


Started GET "/top" for 127.0.0.1 at 2024-11-18 12:21:39 +0900
Processing by HomesController#top as TURBO_STREAM
  Rendering layout layouts/application.html.erb
  Rendering homes/top.html.erb within layouts/application
  Rendered homes/top.html.erb within layouts/application (Duration: 0.3ms | GC: 0.0ms)
  Rendered layout layouts/application.html.erb (Duration: 2.1ms | GC: 0.0ms)
Completed 200 OK in 5ms (Views: 3.3ms | ActiveRecord: 0.0ms (0 queries, 0 cached) | GC: 0.4ms)


Started GET "/lists/new" for 127.0.0.1 at 2024-11-18 12:27:48 +0900
  [1m[36mActiveRecord::SchemaMigration Load (0.3ms)[0m  [1m[34mSELECT "schema_migrations"."version" FROM "schema_migrations" ORDER BY "schema_migrations"."version" ASC[0m
Processing by ListsController#new as HTML
  Rendering layout layouts/application.html.erb
  Rendering lists/new.html.erb within layouts/application
  Rendered lists/new.html.erb within layouts/application (Duration: 8.3ms | GC: 0.2ms)
  Rendered layout layouts/application.html.erb (Duration: 79.4ms | GC: 19.1ms)
Completed 200 OK in 120ms (Views: 83.5ms | ActiveRecord: 2.9ms (0 queries, 0 cached) | GC: 20.5ms)


Started GET "/manifest.json" for 127.0.0.1 at 2024-11-18 12:27:48 +0900
Processing by Rails::PwaController#manifest as JSON
  Rendering pwa/manifest.json.erb
  Rendered pwa/manifest.json.erb (Duration: 0.9ms | GC: 0.0ms)
Completed 200 OK in 4ms (Views: 3.1ms | ActiveRecord: 0.0ms (0 queries, 0 cached) | GC: 0.4ms)


Started GET "/lists" for 127.0.0.1 at 2024-11-18 12:27:51 +0900
Processing by ListsController#index as HTML
  Rendering layout layouts/application.html.erb
  Rendering lists/index.html.erb within layouts/application
  [1m[36mList Load (0.2ms)[0m  [1m[34mSELECT "lists".* FROM "lists"[0m
  ↳ app/views/lists/index.html.erb:3
  Rendered lists/index.html.erb within layouts/application (Duration: 3.6ms | GC: 0.0ms)
  Rendered layout layouts/application.html.erb (Duration: 9.8ms | GC: 0.5ms)
Completed 200 OK in 30ms (Views: 10.3ms | ActiveRecord: 0.2ms (1 query, 0 cached) | GC: 0.9ms)


Started GET "/manifest.json" for 127.0.0.1 at 2024-11-18 12:27:51 +0900
Processing by Rails::PwaController#manifest as JSON
  Rendering pwa/manifest.json.erb
  Rendered pwa/manifest.json.erb (Duration: 0.2ms | GC: 0.0ms)
Completed 200 OK in 2ms (Views: 1.1ms | ActiveRecord: 0.0ms (0 queries, 0 cached) | GC: 0.0ms)


Started GET "/lists" for 127.0.0.1 at 2024-11-18 12:28:38 +0900
Processing by ListsController#index as HTML
  Rendering layout layouts/application.html.erb
  Rendering lists/index.html.erb within layouts/application
  [1m[36mList Load (1.9ms)[0m  [1m[34mSELECT "lists".* FROM "lists"[0m
  ↳ app/views/lists/index.html.erb:3
  Rendered lists/index.html.erb within layouts/application (Duration: 8.0ms | GC: 0.6ms)
  Rendered layout layouts/application.html.erb (Duration: 22.4ms | GC: 1.7ms)
Completed 200 OK in 27ms (Views: 22.2ms | ActiveRecord: 2.2ms (1 query, 0 cached) | GC: 2.0ms)


Started GET "/manifest.json" for 127.0.0.1 at 2024-11-18 12:28:38 +0900
Processing by Rails::PwaController#manifest as JSON
  Rendering pwa/manifest.json.erb
  Rendered pwa/manifest.json.erb (Duration: 0.4ms | GC: 0.0ms)
Completed 200 OK in 2ms (Views: 1.5ms | ActiveRecord: 0.0ms (0 queries, 0 cached) | GC: 0.2ms)


